TN:
SF:C:\Users\Ger\Desktop\Platzi\platziverse\platziverse-db\index.js
FN:10,(anonymous_0)
FNF:1
FNH:1
FNDA:18,(anonymous_0)
DA:3,18
DA:4,18
DA:5,18
DA:6,18
DA:7,18
DA:8,18
DA:10,18
DA:11,18
DA:22,18
DA:23,18
DA:24,18
DA:26,18
DA:27,18
DA:29,18
DA:31,18
DA:32,0
DA:35,18
DA:36,18
DA:38,18
LF:19
LH:18
BRDA:31,0,0,0
BRDA:31,0,1,18
BRF:2
BRH:1
end_of_record
TN:
SF:C:\Users\Ger\Desktop\Platzi\platziverse\platziverse-db\lib\agent.js
FN:3,setupAgent
FN:4,createOrUpdate
FN:22,findById
FN:26,findByUuid
FN:34,findAll
FN:38,findConnected
FN:46,findByUsername
FNF:7
FNH:7
FNDA:18,setupAgent
FNDA:4,createOrUpdate
FNDA:2,findById
FNDA:2,findByUuid
FNDA:2,findAll
FNDA:2,findConnected
FNDA:2,findByUsername
DA:3,2
DA:5,4
DA:11,4
DA:13,4
DA:14,2
DA:15,2
DA:18,2
DA:19,2
DA:23,2
DA:27,2
DA:35,2
DA:39,2
DA:47,2
DA:55,18
LF:14
LH:14
BRDA:13,0,0,2
BRDA:13,0,1,2
BRDA:15,1,0,2
BRDA:15,1,1,0
BRF:4
BRH:3
end_of_record
TN:
SF:C:\Users\Ger\Desktop\Platzi\platziverse\platziverse-db\lib\db.js
FN:6,setupDatabase
FNF:1
FNH:1
FNDA:18,setupDatabase
DA:3,2
DA:4,2
DA:6,2
DA:7,18
DA:8,2
DA:10,18
LF:6
LH:6
BRDA:7,0,0,2
BRDA:7,0,1,16
BRF:2
BRH:2
end_of_record
TN:
SF:C:\Users\Ger\Desktop\Platzi\platziverse\platziverse-db\lib\metric.js
FN:3,setupMetric
FN:4,findByAgentUuid
FN:19,findByTypeAgentUuid
FN:37,create
FNF:4
FNH:1
FNDA:18,setupMetric
FNDA:0,findByAgentUuid
FNDA:0,findByTypeAgentUuid
FNDA:0,create
DA:3,2
DA:5,0
DA:20,0
DA:38,0
DA:42,0
DA:43,0
DA:44,0
DA:45,0
DA:49,18
LF:9
LH:2
BRDA:42,0,0,0
BRDA:42,0,1,0
BRF:2
BRH:0
end_of_record
TN:
SF:C:\Users\Ger\Desktop\Platzi\platziverse\platziverse-db\models\agent.js
FN:6,setupAgentModel
FNF:1
FNH:0
FNDA:0,setupAgentModel
DA:3,2
DA:4,2
DA:6,2
DA:7,0
DA:9,0
LF:5
LH:3
BRF:0
BRH:0
end_of_record
TN:
SF:C:\Users\Ger\Desktop\Platzi\platziverse\platziverse-db\models\metric.js
FN:6,setupMetricModel
FNF:1
FNH:0
FNDA:0,setupMetricModel
DA:3,2
DA:4,2
DA:6,2
DA:7,0
DA:9,0
LF:5
LH:3
BRF:0
BRH:0
end_of_record
TN:
SF:C:\Users\Ger\Desktop\Platzi\platziverse\platziverse-db\tests\agent-ts.js
FN:10,(anonymous_4)
FN:47,(anonymous_5)
FN:78,(anonymous_6)
FN:79,(anonymous_7)
FN:84,(anonymous_8)
FN:87,(anonymous_9)
FN:91,(anonymous_10)
FN:98,(anonymous_11)
FN:108,(anonymous_12)
FN:118,(anonymous_13)
FN:129,(anonymous_14)
FN:140,(anonymous_15)
FN:151,(anonymous_16)
FN:161,(anonymous_17)
FNF:14
FNH:14
FNDA:9,(anonymous_4)
FNDA:9,(anonymous_5)
FNDA:9,(anonymous_6)
FNDA:9,(anonymous_7)
FNDA:9,(anonymous_8)
FNDA:1,(anonymous_9)
FNDA:1,(anonymous_10)
FNDA:1,(anonymous_11)
FNDA:1,(anonymous_12)
FNDA:1,(anonymous_13)
FNDA:1,(anonymous_14)
FNDA:1,(anonymous_15)
FNDA:1,(anonymous_16)
FNDA:1,(anonymous_17)
DA:3,1
DA:4,1
DA:5,1
DA:7,1
DA:9,1
DA:13,1
DA:17,1
DA:18,1
DA:19,1
DA:20,1
DA:21,1
DA:22,1
DA:24,1
DA:30,1
DA:34,1
DA:38,1
DA:47,1
DA:48,9
DA:49,9
DA:54,9
DA:55,9
DA:56,1
DA:60,9
DA:61,9
DA:64,9
DA:65,9
DA:68,9
DA:69,9
DA:72,9
DA:73,9
DA:74,9
DA:75,9
DA:77,9
DA:78,9
DA:79,9
DA:81,9
DA:84,1
DA:85,9
DA:87,1
DA:88,1
DA:91,4
DA:92,1
DA:93,1
DA:94,1
DA:95,1
DA:98,3
DA:99,1
DA:101,1
DA:102,1
DA:103,1
DA:105,1
DA:108,3
DA:109,1
DA:111,1
DA:112,1
DA:113,1
DA:115,1
DA:118,3
DA:119,1
DA:121,1
DA:122,1
DA:123,1
DA:125,1
DA:126,1
DA:129,3
DA:130,1
DA:132,1
DA:133,1
DA:134,1
DA:136,1
DA:137,1
DA:140,3
DA:141,1
DA:143,1
DA:144,1
DA:145,1
DA:147,1
DA:148,1
DA:151,3
DA:152,1
DA:154,1
DA:155,1
DA:156,1
DA:158,1
DA:161,6
DA:162,1
DA:164,1
DA:165,1
DA:166,1
DA:169,1
DA:170,1
DA:171,1
DA:173,1
LF:93
LH:93
BRDA:85,0,0,9
BRDA:85,0,1,9
BRF:2
BRH:2
end_of_record
TN:
SF:C:\Users\Ger\Desktop\Platzi\platziverse\platziverse-db\tests\metric.js
FN:12,(anonymous_4)
FN:49,(anonymous_5)
FN:76,(anonymous_6)
FN:77,(anonymous_7)
FN:83,(anonymous_8)
FN:86,(anonymous_9)
FN:91,(anonymous_10)
FN:100,(anonymous_11)
FN:110,(anonymous_12)
FN:120,(anonymous_13)
FN:132,(anonymous_14)
FN:141,(anonymous_15)
FN:151,(anonymous_16)
FN:161,(anonymous_17)
FNF:14
FNH:14
FNDA:9,(anonymous_4)
FNDA:9,(anonymous_5)
FNDA:9,(anonymous_6)
FNDA:9,(anonymous_7)
FNDA:9,(anonymous_8)
FNDA:1,(anonymous_9)
FNDA:1,(anonymous_10)
FNDA:1,(anonymous_11)
FNDA:1,(anonymous_12)
FNDA:1,(anonymous_13)
FNDA:1,(anonymous_14)
FNDA:1,(anonymous_15)
FNDA:1,(anonymous_16)
FNDA:1,(anonymous_17)
DA:2,1
DA:3,1
DA:4,1
DA:5,1
DA:7,1
DA:8,1
DA:9,1
DA:11,1
DA:15,1
DA:19,1
DA:26,1
DA:30,1
DA:39,1
DA:43,1
DA:45,1
DA:47,1
DA:49,1
DA:50,9
DA:51,9
DA:61,9
DA:62,1
DA:66,9
DA:67,9
DA:68,9
DA:70,9
DA:72,9
DA:73,9
DA:75,9
DA:76,9
DA:77,9
DA:80,9
DA:83,1
DA:84,9
DA:86,1
DA:87,1
DA:91,6
DA:92,1
DA:93,1
DA:94,1
DA:95,1
DA:96,1
DA:97,1
DA:100,3
DA:101,1
DA:103,1
DA:104,1
DA:105,1
DA:107,1
DA:110,3
DA:111,1
DA:113,1
DA:114,1
DA:115,1
DA:117,1
DA:120,3
DA:121,1
DA:123,1
DA:126,1
DA:127,1
DA:129,1
DA:132,2
DA:133,1
DA:135,1
DA:136,1
DA:138,1
DA:141,3
DA:142,1
DA:143,1
DA:144,1
DA:145,1
DA:147,1
DA:148,1
DA:151,3
DA:152,1
DA:154,1
DA:155,1
DA:156,1
DA:158,1
DA:161,3
DA:162,1
DA:164,1
DA:165,1
DA:166,1
DA:168,1
LF:84
LH:84
BRDA:84,0,0,9
BRDA:84,0,1,9
BRF:2
BRH:2
end_of_record
TN:
SF:C:\Users\Ger\Desktop\Platzi\platziverse\platziverse-db\tests\fixtures\agent.js
FN:22,extend
FN:30,(anonymous_1)
FN:31,(anonymous_2)
FN:32,(anonymous_3)
FN:32,(anonymous_4)
FN:33,(anonymous_5)
FN:33,(anonymous_6)
FNF:7
FNH:7
FNDA:6,extend
FNDA:8,(anonymous_1)
FNDA:8,(anonymous_2)
FNDA:20,(anonymous_3)
FNDA:80,(anonymous_4)
FNDA:20,(anonymous_5)
FNDA:80,(anonymous_6)
DA:3,2
DA:15,2
DA:23,6
DA:24,6
DA:27,2
DA:30,8
DA:31,8
DA:32,80
DA:33,80
LF:9
LH:9
BRF:0
BRH:0
end_of_record
